<?xml version="1.0" encoding="UTF-8"?>
<testng-results ignored="0" total="2" passed="2" failed="0" skipped="0">
  <reporter-output>
  </reporter-output>
  <suite started-at="2024-04-08T14:27:51 IST" name="Default suite" finished-at="2024-04-08T14:29:22 IST" duration-ms="90512">
    <groups>
    </groups>
    <test started-at="2024-04-08T14:27:51 IST" name="Default test" finished-at="2024-04-08T14:29:22 IST" duration-ms="90512">
      <class name="demoqa.tests.LinksTest">
        <test-method is-config="true" signature="setUp()[pri:0, instance:demoqa.tests.LinksTest@37f1104d]" started-at="2024-04-08T14:27:51 IST" name="setUp" finished-at="2024-04-08T14:28:00 IST" duration-ms="8075" status="PASS">
          <reporter-output>
          </reporter-output>
        </test-method> <!-- setUp -->
        <test-method signature="testLinks()[pri:1, instance:demoqa.tests.LinksTest@37f1104d]" started-at="2024-04-08T14:28:00 IST" name="testLinks" finished-at="2024-04-08T14:28:17 IST" duration-ms="17522" status="PASS">
          <reporter-output>
          </reporter-output>
        </test-method> <!-- testLinks -->
        <test-method is-config="true" signature="tearDown()[pri:0, instance:demoqa.tests.LinksTest@37f1104d]" started-at="2024-04-08T14:28:17 IST" name="tearDown" finished-at="2024-04-08T14:28:17 IST" duration-ms="0" status="PASS">
          <reporter-output>
          </reporter-output>
        </test-method> <!-- tearDown -->
        <test-method is-config="true" signature="setUp()[pri:0, instance:demoqa.tests.LinksTest@37f1104d]" started-at="2024-04-08T14:28:17 IST" name="setUp" finished-at="2024-04-08T14:28:41 IST" duration-ms="24373" status="PASS">
          <reporter-output>
          </reporter-output>
        </test-method> <!-- setUp -->
        <test-method signature="testAPILinks()[pri:2, instance:demoqa.tests.LinksTest@37f1104d]" started-at="2024-04-08T14:28:41 IST" name="testAPILinks" finished-at="2024-04-08T14:29:22 IST" duration-ms="40292" status="PASS">
          <reporter-output>
          </reporter-output>
        </test-method> <!-- testAPILinks -->
        <test-method is-config="true" signature="tearDown()[pri:0, instance:demoqa.tests.LinksTest@37f1104d]" started-at="2024-04-08T14:29:22 IST" name="tearDown" finished-at="2024-04-08T14:29:22 IST" duration-ms="189" status="PASS">
          <reporter-output>
          </reporter-output>
        </test-method> <!-- tearDown -->
      </class> <!-- demoqa.tests.LinksTest -->
    </test> <!-- Default test -->
  </suite> <!-- Default suite -->
</testng-results>
