<?xml version="1.0" encoding="UTF-8"?>
<testng-results ignored="0" total="3" passed="3" failed="0" skipped="0">
  <reporter-output>
  </reporter-output>
  <suite started-at="2024-04-16T11:15:45 IST" name="Default suite" finished-at="2024-04-16T11:16:28 IST" duration-ms="43466">
    <groups>
    </groups>
    <test started-at="2024-04-16T11:15:45 IST" name="Default test" finished-at="2024-04-16T11:16:28 IST" duration-ms="43466">
      <class name="demoqa.tests.LinksTest">
        <test-method is-config="true" signature="setUp()[pri:0, instance:demoqa.tests.LinksTest@4d9e68d0]" started-at="2024-04-16T11:15:45 IST" name="setUp" finished-at="2024-04-16T11:15:51 IST" duration-ms="6224" status="PASS">
          <reporter-output>
          </reporter-output>
        </test-method> <!-- setUp -->
        <test-method signature="testLinks()[pri:1, instance:demoqa.tests.LinksTest@4d9e68d0]" started-at="2024-04-16T11:15:51 IST" name="testLinks" finished-at="2024-04-16T11:15:58 IST" duration-ms="6715" status="PASS">
          <reporter-output>
          </reporter-output>
        </test-method> <!-- testLinks -->
        <test-method is-config="true" signature="tearDown()[pri:0, instance:demoqa.tests.LinksTest@4d9e68d0]" started-at="2024-04-16T11:15:58 IST" name="tearDown" finished-at="2024-04-16T11:15:58 IST" duration-ms="0" status="PASS">
          <reporter-output>
          </reporter-output>
        </test-method> <!-- tearDown -->
        <test-method is-config="true" signature="setUp()[pri:0, instance:demoqa.tests.LinksTest@4d9e68d0]" started-at="2024-04-16T11:15:58 IST" name="setUp" finished-at="2024-04-16T11:16:02 IST" duration-ms="4494" status="PASS">
          <reporter-output>
          </reporter-output>
        </test-method> <!-- setUp -->
        <test-method signature="testAPILinks()[pri:2, instance:demoqa.tests.LinksTest@4d9e68d0]" started-at="2024-04-16T11:16:02 IST" name="testAPILinks" finished-at="2024-04-16T11:16:16 IST" duration-ms="13983" status="PASS">
          <reporter-output>
          </reporter-output>
        </test-method> <!-- testAPILinks -->
        <test-method is-config="true" signature="tearDown()[pri:0, instance:demoqa.tests.LinksTest@4d9e68d0]" started-at="2024-04-16T11:16:16 IST" name="tearDown" finished-at="2024-04-16T11:16:17 IST" duration-ms="390" status="PASS">
          <reporter-output>
          </reporter-output>
        </test-method> <!-- tearDown -->
        <test-method is-config="true" signature="setUp()[pri:0, instance:demoqa.tests.LinksTest@4d9e68d0]" started-at="2024-04-16T11:16:17 IST" name="setUp" finished-at="2024-04-16T11:16:22 IST" duration-ms="5001" status="PASS">
          <reporter-output>
          </reporter-output>
        </test-method> <!-- setUp -->
        <test-method signature="testHomeLinks()[pri:3, instance:demoqa.tests.LinksTest@4d9e68d0]" started-at="2024-04-16T11:16:22 IST" name="testHomeLinks" finished-at="2024-04-16T11:16:28 IST" duration-ms="6588" status="PASS">
          <reporter-output>
          </reporter-output>
        </test-method> <!-- testHomeLinks -->
        <test-method is-config="true" signature="tearDown()[pri:0, instance:demoqa.tests.LinksTest@4d9e68d0]" started-at="2024-04-16T11:16:28 IST" name="tearDown" finished-at="2024-04-16T11:16:28 IST" duration-ms="0" status="PASS">
          <reporter-output>
          </reporter-output>
        </test-method> <!-- tearDown -->
      </class> <!-- demoqa.tests.LinksTest -->
    </test> <!-- Default test -->
  </suite> <!-- Default suite -->
</testng-results>
