<?xml version="1.0" encoding="UTF-8"?>
<!-- Generated by org.testng.reporters.JUnitXMLReporter -->
<testsuite ignored="0" hostname="DESKTOP-AMKNNRC" failures="0" tests="3" name="Default test" time="38.762" errors="0" timestamp="2024-04-16T14:11:50 IST">
  <testcase classname="demoqa.tests.LinksTest" name="testLinks" time="5.507"/>
  <testcase classname="demoqa.tests.LinksTest" name="testAPILinks" time="12.437"/>
  <testcase classname="demoqa.tests.LinksTest" name="testHomeLinks" time="5.31"/>
</testsuite> <!-- Default test -->
