<?xml version="1.0" encoding="UTF-8"?>
<!-- Generated by org.testng.reporters.JUnitXMLReporter -->
<testsuite ignored="0" hostname="DESKTOP-AMKNNRC" failures="0" tests="3" name="Default test" time="43.466" errors="0" timestamp="2024-04-16T11:16:28 IST">
  <testcase classname="demoqa.tests.LinksTest" name="testLinks" time="6.715"/>
  <testcase classname="demoqa.tests.LinksTest" name="testAPILinks" time="13.983"/>
  <testcase classname="demoqa.tests.LinksTest" name="testHomeLinks" time="6.588"/>
</testsuite> <!-- Default test -->
